<?xml version="1.0" encoding="utf-8"?><testsuites name="pytest tests"><testsuite name="pytest" errors="0" failures="0" skipped="0" tests="8" time="0.843" timestamp="2026-05-09T11:49:40.432881+00:00" hostname="agent-env-8623c000-a0c0-4502-a43b-bb78db4a59fe"><testcase classname="backend.tests.test_tattvashila_api.TestHealth" name="test_health_ok" time="0.241" /><testcase classname="backend.tests.test_tattvashila_api.TestIntake" name="test_intake_count_initial" time="0.054" /><testcase classname="backend.tests.test_tattvashila_api.TestIntake" name="test_intake_post_valid" time="0.155" /><testcase classname="backend.tests.test_tattvashila_api.TestIntake" name="test_intake_invalid_email" time="0.048" /><testcase classname="backend.tests.test_tattvashila_api.TestIntake" name="test_intake_empty_reflection" time="0.050" /><testcase classname="backend.tests.test_tattvashila_api.TestIntake" name="test_intake_reflection_too_long" time="0.050" /><testcase classname="backend.tests.test_tattvashila_api.TestIntake" name="test_intake_reflection_at_max_boundary" time="0.048" /><testcase classname="backend.tests.test_tattvashila_api.TestIntake" name="test_intake_missing_fields" time="0.047" /></testsuite></testsuites>